<?xml version="1.0" encoding="UTF-8"?>
<testsuite xmlns:xsi="http://www.w3.org/2001/XMLSchema-instance" xsi:noNamespaceSchemaLocation="https://maven.apache.org/surefire/maven-surefire-plugin/xsd/surefire-test-report.xsd" name="PsychologueTest" time="0.113" tests="5" errors="0" skipped="0" failures="0">
  <properties>
[...]
</properties>
  <testcase name="validerDateDuCyclePsychologues" classname="PsychologueTest" time="0.049"/>
  <testcase name="validerDateDesActivitesBoolPsychologue" classname="PsychologueTest" time="0.016"/>
  <testcase name="stockerMessagesErreursResultTest" classname="PsychologueTest" time="0.024"/>
  <testcase name="validerNbrHeureParCategoriePsychologue" classname="PsychologueTest" time="0.009"/>
  <testcase name="validerMoisAnneeJourCycleDixHuitVingtTroisPsychologues" classname="PsychologueTest" time="0.005"/>
</testsuite>